生成启动时间为 2015/6/29 20:28:00。
     1>项目“D:\Desktop\VC266V02\build\vc10\TLibCommon_vc10.vcxproj”在节点 3 上(Build 个目标)。
     1>ClCompile:
         D:\Program Files (x86)\Microsoft Visual Studio 12.0\VC\bin\CL.exe /c /ID:\Desktop\VC266V02\build\\..\source\Lib\ /ID:\Desktop\VC266V02\build\\..\compat\msvc /ZI /nologo /W3 /WX- /Od /Oy- /D WIN32 /D _DEBUG /D _LIB /D _CRT_SECURE_NO_WARNINGS /D _MBCS /Gm /EHsc /RTC1 /MTd /GS /fp:precise /Zc:wchar_t /Zc:forScope /Fo"D:\Desktop\VC266V02\build\\vc10\Win32\Debug\TLibCommon\\" /Fd"D:\Desktop\VC266V02\build\\vc10\Win32\Debug\TLibCommon\vc120.pdb" /Gd /TP /analyze- /errorReport:prompt ..\..\source\Lib\TLibCommon\ContextModel.cpp ..\..\source\Lib\TLibCommon\ContextModel3DBuffer.cpp ..\..\source\Lib\TLibCommon\SEI.cpp ..\..\source\Lib\TLibCommon\TComAdaptiveLoopFilter.cpp ..\..\source\Lib\TLibCommon\TComBitStream.cpp ..\..\source\Lib\TLibCommon\TComCABACTables.cpp ..\..\source\Lib\TLibCommon\TComDataCU.cpp ..\..\source\Lib\TLibCommon\TComInterpolationFilter.cpp ..\..\source\Lib\TLibCommon\TComLoopFilter.cpp ..\..\source\Lib\TLibCommon\TComMotionInfo.cpp ..\..\source\Lib\TLibCommon\TComPattern.cpp ..\..\source\Lib\TLibCommon\TComPic.cpp ..\..\source\Lib\TLibCommon\TComPicSym.cpp ..\..\source\Lib\TLibCommon\TComPicYuv.cpp ..\..\source\Lib\TLibCommon\TComPicYuvMD5.cpp ..\..\source\Lib\TLibCommon\TComPrediction.cpp ..\..\source\Lib\TLibCommon\TComRdCost.cpp ..\..\source\Lib\TLibCommon\TComRdCostWeightPrediction.cpp ..\..\source\Lib\TLibCommon\TComRom.cpp ..\..\source\Lib\TLibCommon\TComSampleAdaptiveOffset.cpp ..\..\source\Lib\TLibCommon\TComSlice.cpp ..\..\source\Lib\TLibCommon\TComTrQuant.cpp ..\..\source\Lib\TLibCommon\TComWeightPrediction.cpp ..\..\source\Lib\TLibCommon\TComYuv.cpp
         TComYuv.cpp
         TComWeightPrediction.cpp
         TComTrQuant.cpp
         TComSlice.cpp
     1>d:\desktop\vc266v02\source\lib\tlibcommon\tcomslice.cpp : warning C4819: 该文件包含不能在当前代码页(936)中表示的字符。请将该文件保存为 Unicode 格式以防止数据丢失
         TComSampleAdaptiveOffset.cpp
         TComRom.cpp
         TComRdCostWeightPrediction.cpp
         TComRdCost.cpp
         TComPrediction.cpp
         TComPicYuvMD5.cpp
         TComPicYuv.cpp
         TComPicSym.cpp
         TComPic.cpp
         TComPattern.cpp
         TComMotionInfo.cpp
         TComLoopFilter.cpp
         TComInterpolationFilter.cpp
         TComDataCU.cpp
         TComCABACTables.cpp
         TComBitStream.cpp
         正在生成代码...
         正在编译...
         TComAdaptiveLoopFilter.cpp
         SEI.cpp
         ContextModel3DBuffer.cpp
         ContextModel.cpp
         正在生成代码...
         D:\Program Files (x86)\Microsoft Visual Studio 12.0\VC\bin\CL.exe /c /ID:\Desktop\VC266V02\build\\..\source\Lib\ /ID:\Desktop\VC266V02\build\\..\compat\msvc /ZI /nologo /W3 /WX- /Od /Oy- /D WIN32 /D _DEBUG /D _LIB /D _CRT_SECURE_NO_WARNINGS /D _MBCS /Gm /EHsc /RTC1 /MTd /GS /fp:precise /Zc:wchar_t /Zc:forScope /Fo"D:\Desktop\VC266V02\build\\vc10\Win32\Debug\TLibCommon\\" /Fd"D:\Desktop\VC266V02\build\\vc10\Win32\Debug\TLibCommon\vc120.pdb" /Gd /TC /analyze- /errorReport:prompt ..\..\source\Lib\libmd5\libmd5.c
         libmd5.c
       Lib:
         D:\Program Files (x86)\Microsoft Visual Studio 12.0\VC\bin\Lib.exe /OUT:"D:\Desktop\VC266V02\build\\vc10\Win32\Debug\TLibCommon\TLibCommon.lib" /NOLOGO D:\Desktop\VC266V02\build\\vc10\Win32\Debug\TLibCommon\ContextModel.obj
         D:\Desktop\VC266V02\build\\vc10\Win32\Debug\TLibCommon\ContextModel3DBuffer.obj
         D:\Desktop\VC266V02\build\\vc10\Win32\Debug\TLibCommon\libmd5.obj
         D:\Desktop\VC266V02\build\\vc10\Win32\Debug\TLibCommon\SEI.obj
         D:\Desktop\VC266V02\build\\vc10\Win32\Debug\TLibCommon\TComAdaptiveLoopFilter.obj
         D:\Desktop\VC266V02\build\\vc10\Win32\Debug\TLibCommon\TComBitStream.obj
         D:\Desktop\VC266V02\build\\vc10\Win32\Debug\TLibCommon\TComCABACTables.obj
         D:\Desktop\VC266V02\build\\vc10\Win32\Debug\TLibCommon\TComDataCU.obj
         D:\Desktop\VC266V02\build\\vc10\Win32\Debug\TLibCommon\TComInterpolationFilter.obj
         D:\Desktop\VC266V02\build\\vc10\Win32\Debug\TLibCommon\TComLoopFilter.obj
         D:\Desktop\VC266V02\build\\vc10\Win32\Debug\TLibCommon\TComMotionInfo.obj
         D:\Desktop\VC266V02\build\\vc10\Win32\Debug\TLibCommon\TComPattern.obj
         D:\Desktop\VC266V02\build\\vc10\Win32\Debug\TLibCommon\TComPic.obj
         D:\Desktop\VC266V02\build\\vc10\Win32\Debug\TLibCommon\TComPicSym.obj
         D:\Desktop\VC266V02\build\\vc10\Win32\Debug\TLibCommon\TComPicYuv.obj
         D:\Desktop\VC266V02\build\\vc10\Win32\Debug\TLibCommon\TComPicYuvMD5.obj
         D:\Desktop\VC266V02\build\\vc10\Win32\Debug\TLibCommon\TComPrediction.obj
         D:\Desktop\VC266V02\build\\vc10\Win32\Debug\TLibCommon\TComRdCost.obj
         D:\Desktop\VC266V02\build\\vc10\Win32\Debug\TLibCommon\TComRdCostWeightPrediction.obj
         D:\Desktop\VC266V02\build\\vc10\Win32\Debug\TLibCommon\TComRom.obj
         D:\Desktop\VC266V02\build\\vc10\Win32\Debug\TLibCommon\TComSampleAdaptiveOffset.obj
         D:\Desktop\VC266V02\build\\vc10\Win32\Debug\TLibCommon\TComSlice.obj
         D:\Desktop\VC266V02\build\\vc10\Win32\Debug\TLibCommon\TComTrQuant.obj
         D:\Desktop\VC266V02\build\\vc10\Win32\Debug\TLibCommon\TComWeightPrediction.obj
         D:\Desktop\VC266V02\build\\vc10\Win32\Debug\TLibCommon\TComYuv.obj
         TLibCommon_vc10.vcxproj -> D:\Desktop\VC266V02\build\\vc10\Win32\Debug\TLibCommon\TLibCommon.lib
     1>已完成生成项目“D:\Desktop\VC266V02\build\vc10\TLibCommon_vc10.vcxproj”(Build 个目标)的操作。

生成成功。

已用时间 00:00:08.99
