生成启动时间为 2015/6/29 20:28:00。
     1>项目“D:\Desktop\VC266V02\build\vc10\TLibEncoder_vc10.vcxproj”在节点 4 上(Build 个目标)。
     1>ClCompile:
         D:\Program Files (x86)\Microsoft Visual Studio 12.0\VC\bin\CL.exe /c /ID:\Desktop\VC266V02\build\\..\source\Lib\ /ID:\Desktop\VC266V02\build\\..\compat\msvc /ZI /nologo /W3 /WX- /Od /Oy- /D WIN32 /D _DEBUG /D _LIB /D _CRT_SECURE_NO_WARNINGS /D _MBCS /Gm /EHsc /RTC1 /MTd /GS /fp:precise /Zc:wchar_t /Zc:forScope /Fo"D:\Desktop\VC266V02\build\\vc10\Win32\Debug\TLibEncoder\\" /Fd"D:\Desktop\VC266V02\build\\vc10\Win32\Debug\TLibEncoder\vc120.pdb" /Gd /TP /analyze- /errorReport:prompt ..\..\source\Lib\TLibEncoder\NALwrite.cpp ..\..\source\Lib\TLibEncoder\SEIwrite.cpp ..\..\source\Lib\TLibEncoder\SyntaxElementWriter.cpp ..\..\source\Lib\TLibEncoder\TEncAdaptiveLoopFilter.cpp ..\..\source\Lib\TLibEncoder\TEncAnalyze.cpp ..\..\source\Lib\TLibEncoder\TEncBinCoderCABAC.cpp ..\..\source\Lib\TLibEncoder\TEncBinCoderCABACCounter.cpp ..\..\source\Lib\TLibEncoder\TEncCavlc.cpp ..\..\source\Lib\TLibEncoder\TEncCu.cpp ..\..\source\Lib\TLibEncoder\TEncEntropy.cpp ..\..\source\Lib\TLibEncoder\TEncGOP.cpp ..\..\source\Lib\TLibEncoder\TEncPic.cpp ..\..\source\Lib\TLibEncoder\TEncPreanalyzer.cpp ..\..\source\Lib\TLibEncoder\TEncRateCtrl.cpp ..\..\source\Lib\TLibEncoder\TEncSampleAdaptiveOffset.cpp ..\..\source\Lib\TLibEncoder\TEncSbac.cpp ..\..\source\Lib\TLibEncoder\TEncSearch.cpp ..\..\source\Lib\TLibEncoder\TEncSlice.cpp ..\..\source\Lib\TLibEncoder\TEncTop.cpp ..\..\source\Lib\TLibEncoder\WeightPredAnalysis.cpp
         WeightPredAnalysis.cpp
         TEncTop.cpp
         TEncSlice.cpp
         TEncSearch.cpp
         TEncSbac.cpp
         TEncSampleAdaptiveOffset.cpp
         TEncRateCtrl.cpp
         TEncPreanalyzer.cpp
         TEncPic.cpp
         TEncGOP.cpp
         TEncEntropy.cpp
         TEncCu.cpp
         TEncCavlc.cpp
         TEncBinCoderCABACCounter.cpp
         TEncBinCoderCABAC.cpp
         TEncAnalyze.cpp
         TEncAdaptiveLoopFilter.cpp
         SyntaxElementWriter.cpp
         SEIwrite.cpp
         NALwrite.cpp
         正在生成代码...
       Lib:
         D:\Program Files (x86)\Microsoft Visual Studio 12.0\VC\bin\Lib.exe /OUT:"D:\Desktop\VC266V02\build\\vc10\Win32\Debug\TLibEncoder\TLibEncoder.lib" /NOLOGO D:\Desktop\VC266V02\build\\vc10\Win32\Debug\TLibEncoder\NALwrite.obj
         D:\Desktop\VC266V02\build\\vc10\Win32\Debug\TLibEncoder\SEIwrite.obj
         D:\Desktop\VC266V02\build\\vc10\Win32\Debug\TLibEncoder\SyntaxElementWriter.obj
         D:\Desktop\VC266V02\build\\vc10\Win32\Debug\TLibEncoder\TEncAdaptiveLoopFilter.obj
         D:\Desktop\VC266V02\build\\vc10\Win32\Debug\TLibEncoder\TEncAnalyze.obj
         D:\Desktop\VC266V02\build\\vc10\Win32\Debug\TLibEncoder\TEncBinCoderCABAC.obj
         D:\Desktop\VC266V02\build\\vc10\Win32\Debug\TLibEncoder\TEncBinCoderCABACCounter.obj
         D:\Desktop\VC266V02\build\\vc10\Win32\Debug\TLibEncoder\TEncCavlc.obj
         D:\Desktop\VC266V02\build\\vc10\Win32\Debug\TLibEncoder\TEncCu.obj
         D:\Desktop\VC266V02\build\\vc10\Win32\Debug\TLibEncoder\TEncEntropy.obj
         D:\Desktop\VC266V02\build\\vc10\Win32\Debug\TLibEncoder\TEncGOP.obj
         D:\Desktop\VC266V02\build\\vc10\Win32\Debug\TLibEncoder\TEncPic.obj
         D:\Desktop\VC266V02\build\\vc10\Win32\Debug\TLibEncoder\TEncPreanalyzer.obj
         D:\Desktop\VC266V02\build\\vc10\Win32\Debug\TLibEncoder\TEncRateCtrl.obj
         D:\Desktop\VC266V02\build\\vc10\Win32\Debug\TLibEncoder\TEncSampleAdaptiveOffset.obj
         D:\Desktop\VC266V02\build\\vc10\Win32\Debug\TLibEncoder\TEncSbac.obj
         D:\Desktop\VC266V02\build\\vc10\Win32\Debug\TLibEncoder\TEncSearch.obj
         D:\Desktop\VC266V02\build\\vc10\Win32\Debug\TLibEncoder\TEncSlice.obj
         D:\Desktop\VC266V02\build\\vc10\Win32\Debug\TLibEncoder\TEncTop.obj
         D:\Desktop\VC266V02\build\\vc10\Win32\Debug\TLibEncoder\WeightPredAnalysis.obj
     1>TEncPreanalyzer.obj : warning LNK4221: 此对象文件未定义任何之前未定义的公共符号，因此任何耗用此库的链接操作都不会使用此文件
     1>TEncPic.obj : warning LNK4221: 此对象文件未定义任何之前未定义的公共符号，因此任何耗用此库的链接操作都不会使用此文件
         TLibEncoder_vc10.vcxproj -> D:\Desktop\VC266V02\build\\vc10\Win32\Debug\TLibEncoder\TLibEncoder.lib
     1>已完成生成项目“D:\Desktop\VC266V02\build\vc10\TLibEncoder_vc10.vcxproj”(Build 个目标)的操作。

生成成功。

已用时间 00:00:09.27
